{
  meta: {
    req: {
      url: '/error',
      headers: {
        'accept-encoding': 'gzip, deflate, br',
        cookie: 'jwt=eyJhbGciOiJIUzI1NiIsInR5cCI6IkpXVCJ9.eyJlbWFpbCI6ImplcnJ5QGdtYWlsLmNvbSIsIl9pZCI6IjY2MjBmYTY3YjA2MWZlNTUwMzMxMTA0ZSIsImlhdCI6MTcxMzQ5MjM2OCwiZXhwIjoxNzEzNDk1OTY4fQ.UEpqMuhoSc_mHjeVDI4yrGhRek2WXAn03doM0Q61deQ',
        accept: '*/*',
        'user-agent': 'Thunder Client (https://www.thunderclient.com)',
        host: 'localhost:3200',
        connection: 'close'
      },
      method: 'GET',
      httpVersion: '1.1',
      originalUrl: '/error',
      query: {}
    },
    res: { statusCode: 500 },
    responseTime: 4
  },
  level: 'error',
  message: 'HTTP GET /error'
}
{
  meta: {
    req: {
      url: '/error',
      headers: {
        'accept-encoding': 'gzip, deflate, br',
        cookie: 'jwt=eyJhbGciOiJIUzI1NiIsInR5cCI6IkpXVCJ9.eyJlbWFpbCI6ImplcnJ5QGdtYWlsLmNvbSIsIl9pZCI6IjY2MjBmYTY3YjA2MWZlNTUwMzMxMTA0ZSIsImlhdCI6MTcxMzQ5MjM2OCwiZXhwIjoxNzEzNDk1OTY4fQ.UEpqMuhoSc_mHjeVDI4yrGhRek2WXAn03doM0Q61deQ',
        accept: '*/*',
        'user-agent': 'Thunder Client (https://www.thunderclient.com)',
        host: 'localhost:3200',
        connection: 'close'
      },
      method: 'GET',
      httpVersion: '1.1',
      originalUrl: '/error',
      query: {}
    },
    res: { statusCode: 500 },
    responseTime: 13
  },
  level: 'error',
  message: 'HTTP GET /error'
}
